\BOOKMARK [1][-]{section.1}{\376\377\000T\000O\000-\000D\000O}{}% 1
\BOOKMARK [1][-]{section.2}{\376\377\127\372\147\054\151\202\137\365}{}% 2
\BOOKMARK [2][-]{subsection.2.1}{\376\377\142\275\214\141\116\343\145\160}{section.2}% 3
\BOOKMARK [2][-]{subsection.2.2}{\376\377\122\035\173\111\145\160\213\272}{section.2}% 4
\BOOKMARK [3][-]{subsubsection.2.2.1}{\376\377\123\237\150\071}{subsection.2.2}% 5
\BOOKMARK [2][-]{subsection.2.3}{\376\377\213\241\173\227\131\015\147\102\136\246}{section.2}% 6
\BOOKMARK [2][-]{subsection.2.4}{\376\377\133\306\170\001\133\146\127\372\170\100}{section.2}% 7
\BOOKMARK [1][-]{section.3}{\376\377\123\072\127\127\224\376\142\200\147\057\116\016\136\224\165\050}{}% 8
\BOOKMARK [2][-]{subsection.3.1}{\376\377\213\376\172\013\173\200\116\313}{section.3}% 9
\BOOKMARK [2][-]{subsection.3.2}{\376\377\000B\000T\000C\000-\133\306\170\001\133\146\123\237\164\006}{section.3}% 10
\BOOKMARK [3][-]{subsubsection.3.2.1}{\376\377\124\310\136\014\121\375\145\160}{subsection.3.2}% 11
\BOOKMARK [3][-]{subsubsection.3.2.2}{\376\377\173\176\124\015}{subsection.3.2}% 12
\BOOKMARK [2][-]{subsection.3.3}{\376\377\000B\000T\000C\000-\145\160\143\156\176\323\147\204}{section.3}% 13
\BOOKMARK [3][-]{subsubsection.3.3.1}{\376\377\124\310\136\014\143\007\224\210}{subsection.3.3}% 14
\BOOKMARK [3][-]{subsubsection.3.3.2}{\376\377\000M\000e\000r\000k\000l\000e\000\040\000t\000r\000e\000e}{subsection.3.3}% 15
\BOOKMARK [2][-]{subsection.3.4}{\376\377\000B\000T\000C\000-\123\117\213\256}{section.3}% 16
\BOOKMARK [3][-]{subsubsection.3.4.1}{\376\377\000C\000o\000n\000s\000e\000n\000s\000u\000s\000\040\000i\000n\000\040\000B\000i\000t\000C\000o\000i\000n}{subsection.3.4}% 17
\BOOKMARK [2][-]{subsection.3.5}{\376\377\000B\000T\000C\000-\133\236\163\260}{section.3}% 18
\BOOKMARK [2][-]{subsection.3.6}{\376\377\000B\000T\000C\000-\177\121\176\334}{section.3}% 19
\BOOKMARK [2][-]{subsection.3.7}{\376\377\000B\000T\000C\000-\143\026\167\377\226\276\136\246}{section.3}% 20
\BOOKMARK [2][-]{subsection.3.8}{\376\377\000B\000T\000C\000-\143\026\167\377}{section.3}% 21
\BOOKMARK [2][-]{subsection.3.9}{\376\377\000B\000T\000C\000-\153\324\162\171\136\001\201\032\147\054}{section.3}% 22
\BOOKMARK [2][-]{subsection.3.10}{\376\377\000B\000T\000C\000-\122\006\123\311}{section.3}% 23
\BOOKMARK [3][-]{subsubsection.3.10.1}{\376\377\000h\000a\000r\000d\000\040\000f\000o\000r\000k}{subsection.3.10}% 24
\BOOKMARK [3][-]{subsubsection.3.10.2}{\376\377\000s\000o\000f\000t\000\040\000f\000o\000r\000k}{subsection.3.10}% 25
\BOOKMARK [3][-]{subsubsection.3.10.3}{\376\377\134\017\176\323}{subsection.3.10}% 26
\BOOKMARK [2][-]{subsection.3.11}{\376\377\000B\000T\000C\000-\225\356\173\124}{section.3}% 27
\BOOKMARK [2][-]{subsection.3.12}{\376\377\000B\000T\000C\000-\123\077\124\015\140\047}{section.3}% 28
\BOOKMARK [3][-]{subsubsection.3.12.1}{\376\377\123\077\124\015\116\016\226\220\171\301}{subsection.3.12}% 29
\BOOKMARK [3][-]{subsubsection.3.12.2}{\376\377\226\366\167\345\213\306\213\301\146\016}{subsection.3.12}% 30
\BOOKMARK [2][-]{subsection.3.13}{\376\377\000B\000T\000C\000-\153\324\162\171\136\001\137\025\123\321\166\204\140\035\200\003}{section.3}% 31
\BOOKMARK [3][-]{subsubsection.3.13.1}{\376\377\124\310\136\014\143\007\224\210}{subsection.3.13}% 32
\BOOKMARK [3][-]{subsubsection.3.13.2}{\376\377\123\072\127\127\140\113}{subsection.3.13}% 33
\BOOKMARK [3][-]{subsubsection.3.13.3}{\376\377\122\006\136\003\137\017\121\161\213\306}{subsection.3.13}% 34
\BOOKMARK [3][-]{subsubsection.3.13.4}{\376\377\153\324\162\171\136\001\166\204\172\000\177\072\140\047}{subsection.3.13}% 35
\BOOKMARK [3][-]{subsubsection.3.13.5}{\376\377\221\317\133\120\213\241\173\227}{subsection.3.13}% 36
\BOOKMARK [2][-]{subsection.3.14}{\376\377\000E\000T\000H\000-\116\345\131\052\127\112\151\202\217\360}{section.3}% 37
\BOOKMARK [2][-]{subsection.3.15}{\376\377\000E\000T\000H\000-\215\046\142\067}{section.3}% 38
\BOOKMARK [2][-]{subsection.3.16}{\376\377\000E\000T\000H\000-\162\266\140\001\150\021}{section.3}% 39
\BOOKMARK [1][-]{section.4}{\376\377\226\366\167\345\213\306\213\301\146\016}{}% 40
\BOOKMARK [2][-]{subsection.4.1}{\376\377\116\244\116\222\137\017\226\366\167\345\213\306\213\301\146\016}{section.4}% 41
\BOOKMARK [2][-]{subsection.4.2}{\376\377\000M\000o\000d\000e\000r\000n\000\040\000S\000N\000A\000R\000K\000s}{section.4}% 42
\BOOKMARK [3][-]{subsubsection.4.2.1}{\376\377\000a\000r\000i\000t\000h\000m\000e\000t\000i\000c\000\040\000c\000i\000r\000c\000u\000i\000t\000s}{subsection.4.2}% 43
\BOOKMARK [3][-]{subsubsection.4.2.2}{\376\377\000N\000A\000R\000K}{subsection.4.2}% 44
\BOOKMARK [3][-]{subsubsection.4.2.3}{\376\377\000B\000u\000i\000l\000d\000i\000n\000g\000\040\000a\000n\000\040\000e\000f\000f\000i\000c\000i\000e\000n\000t\000\040\000S\000N\000A\000R\000K}{subsection.4.2}% 45
\BOOKMARK [1][-]{section.5}{\376\377\000C\000i\000r\000c\000o\000m}{}% 46
\BOOKMARK [2][-]{subsection.5.1}{\376\377\000S\000i\000g\000n\000a\000l\000s}{section.5}% 47
\BOOKMARK [2][-]{subsection.5.2}{\376\377\000T\000e\000m\000p\000l\000a\000t\000e\000s}{section.5}% 48
\BOOKMARK [3][-]{subsubsection.5.2.1}{\376\377\000T\000e\000m\000p\000l\000a\000t\000e\000s\000\040\000\046\000\040\000C\000o\000m\000p\000o\000n\000e\000n\000t\000s}{subsection.5.2}% 49
\BOOKMARK [3][-]{subsubsection.5.2.2}{\376\377\000P\000r\000a\000g\000m\000a}{subsection.5.2}% 50
\BOOKMARK [3][-]{subsubsection.5.2.3}{\376\377\000F\000u\000n\000c\000t\000i\000o\000n\000s}{subsection.5.2}% 51
\BOOKMARK [2][-]{subsection.5.3}{\376\377\127\372\147\054\144\315\117\134}{section.5}% 52
\BOOKMARK [3][-]{subsubsection.5.3.1}{\376\377\000F\000i\000e\000l\000d\000\040\000E\000l\000e\000m\000e\000n\000t\000s}{subsection.5.3}% 53
\BOOKMARK [3][-]{subsubsection.5.3.2}{\376\377\147\141\116\366\210\150\217\276\137\017}{subsection.5.3}% 54
\BOOKMARK [2][-]{subsection.5.4}{\376\377\147\141\116\366\176\246\147\137}{section.5}% 55
\BOOKMARK [1][-]{section.6}{\376\377\000G\000r\000o\000t\000h\0001\0006}{}% 56
\BOOKMARK [1][-]{section.7}{\376\377\145\207\172\340}{}% 57
\BOOKMARK [2][-]{subsection.7.1}{\376\377\151\055\127\006\146\362\176\277}{section.7}% 58
\BOOKMARK [3][-]{subsubsection.7.1.1}{\376\377\000A\000\040\000\050\000R\000e\000l\000a\000t\000i\000v\000e\000l\000y\000\040\000E\000a\000s\000y\000\040\000T\000o\000\040\000U\000n\000d\000e\000r\000s\000t\000a\000n\000d\000\051\000\040\000P\000r\000i\000m\000e\000r\000\040\000o\000n\000\040\000E\000l\000l\000i\000p\000t\000i\000c\000\040\000C\000u\000r\000v\000e\000\040\000C\000r\000y\000p\000t\000o\000g\000r\000a\000p\000h\000y}{subsection.7.1}% 59
\BOOKMARK [2][-]{subsection.7.2}{\376\377\000z\000k\000-\000S\000N\000A\000R\000K\000s}{section.7}% 60
\BOOKMARK [3][-]{subsubsection.7.2.1}{\376\377\000E\000x\000p\000l\000o\000r\000i\000n\000g\000\040\000E\000l\000l\000i\000p\000t\000i\000c\000\040\000C\000u\000r\000v\000e\000\040\000P\000a\000i\000r\000i\000n\000g\000s}{subsection.7.2}% 61
\BOOKMARK [1][-]{section.8}{\376\377\000S\000e\000m\000a\000p\000h\000o\000r\000e}{}% 62
\BOOKMARK [2][-]{subsection.8.1}{\376\377\137\353\220\037\116\012\142\113}{section.8}% 63
\BOOKMARK [2][-]{subsection.8.2}{\376\377\000G\000u\000i\000d\000e\000s}{section.8}% 64
\BOOKMARK [3][-]{subsubsection.8.2.1}{\376\377\000I\000d\000e\000n\000t\000i\000t\000i\000i\000e\000s}{subsection.8.2}% 65
